<?xml version="1.0" encoding="UTF-8"?>
<!-- Generated by org.testng.reporters.JUnitXMLReporter -->
<testsuite ignored="1" hostname="VrundaV" failures="0" tests="3" name="Default test" time="221.695" errors="0" timestamp="2022-04-06T17:41:45 IST">
  <testcase classname="TestScript.LeadCreationTest" name="Userlogin" time="9.248"/>
  <testcase classname="TestScript.LeadCreationTest" name="CustomerAccptance" time="76.954"/>
  <testcase classname="TestScript.LeadCreationTest" name="FileClosedInCRM" time="132.654"/>
  <testcase classname="TestScript.LeadCreationTest" name="LeadCreation" time="0.0">
    <ignored/>
  </testcase> <!-- LeadCreation -->
</testsuite> <!-- Default test -->
