<?xml version="1.0" encoding="UTF-8"?>
<!-- Generated by org.testng.reporters.JUnitXMLReporter -->
<testsuite ignored="0" hostname="VrundaV" failures="0" tests="4" name="Test" time="130.695" errors="0" timestamp="2022-03-28T12:00:11 IST">
  <testcase classname="script.LeadCreationTest" name="Userlogin" time="17.053"/>
  <testcase classname="script.LeadCreationTest" name="LeadCreation" time="80.723"/>
  <testcase classname="script.LeadCreationTest" name="CustomerAccptance" time="5.999"/>
  <testcase classname="script.LeadCreationTest" name="FileClosedInCRM" time="22.231"/>
</testsuite> <!-- Test -->
