<?xml version="1.0" encoding="UTF-8"?>
<!-- Generated by org.testng.reporters.JUnitXMLReporter -->
<testsuite ignored="0" hostname="VrundaV" failures="0" tests="1" name="Test" time="0.083" errors="0" timestamp="2022-04-21T12:33:47 IST">
  <testcase classname="CommonUtility.SetUp" name="@BeforeClass setUpTest" time="0.008">
    <failure type="java.io.FileNotFoundException" message="C:\Users\Vrunda Vibhute\eclipse-workspace\KotakHL_Lead\src\main\java\CommonUtility\Config.properties (The system cannot find the path specified)">
      <![CDATA[java.io.FileNotFoundException: C:\Users\Vrunda Vibhute\eclipse-workspace\KotakHL_Lead\src\main\java\CommonUtility\Config.properties (The system cannot find the path specified)
at java.base/java.io.FileInputStream.open0(Native Method)
at java.base/java.io.FileInputStream.open(FileInputStream.java:219)
at java.base/java.io.FileInputStream.<init>(FileInputStream.java:157)
at java.base/java.io.FileInputStream.<init>(FileInputStream.java:112)
at CommonUtility.SetUp.setUpTest(SetUp.java:30)
at java.base/java.util.ArrayList.forEach(ArrayList.java:1540)
... Removed 25 stack frames]]>
    </failure>
  </testcase> <!-- @BeforeClass setUpTest -->
  <testcase classname="CommonUtility.SetUp" name="@AfterClass tearDownTest" time="-1.650524627101E9">
    <skipped/>
  </testcase> <!-- @AfterClass tearDownTest -->
  <testcase classname="TestScript.leadCreationTest1" name="ExecuteScript" time="0.0">
    <skipped/>
  </testcase> <!-- ExecuteScript -->
</testsuite> <!-- Test -->
