<?xml version="1.0" encoding="UTF-8"?>
<testng-results ignored="1" total="4" passed="3" failed="0" skipped="0">
  <reporter-output>
  </reporter-output>
  <suite started-at="2022-04-06T17:38:03 IST" name="Default suite" finished-at="2022-04-06T17:41:45 IST" duration-ms="221695">
    <groups>
    </groups>
    <test started-at="2022-04-06T17:38:03 IST" name="Default test" finished-at="2022-04-06T17:41:45 IST" duration-ms="221695">
      <class name="TestScript.LeadCreationTest">
        <test-method is-config="true" signature="setUpTest()[pri:0, instance:TestScript.LeadCreationTest@13fd2ccd]" started-at="2022-04-06T17:38:03 IST" name="setUpTest" finished-at="2022-04-06T17:38:06 IST" duration-ms="2816" status="PASS">
          <reporter-output>
          </reporter-output>
        </test-method> <!-- setUpTest -->
        <test-method signature="Userlogin()[pri:1, instance:TestScript.LeadCreationTest@13fd2ccd]" started-at="2022-04-06T17:38:06 IST" name="Userlogin" finished-at="2022-04-06T17:38:15 IST" duration-ms="9248" status="PASS">
          <reporter-output>
          </reporter-output>
        </test-method> <!-- Userlogin -->
        <test-method signature="CustomerAccptance()[pri:3, instance:TestScript.LeadCreationTest@13fd2ccd]" started-at="2022-04-06T17:38:15 IST" name="CustomerAccptance" finished-at="2022-04-06T17:39:32 IST" duration-ms="76954" status="PASS">
          <reporter-output>
          </reporter-output>
        </test-method> <!-- CustomerAccptance -->
        <test-method signature="FileClosedInCRM()[pri:4, instance:TestScript.LeadCreationTest@13fd2ccd]" started-at="2022-04-06T17:39:32 IST" name="FileClosedInCRM" finished-at="2022-04-06T17:41:45 IST" duration-ms="132654" status="PASS">
          <reporter-output>
          </reporter-output>
        </test-method> <!-- FileClosedInCRM -->
        <test-method is-config="true" signature="tearDownTest()[pri:0, instance:TestScript.LeadCreationTest@13fd2ccd]" started-at="2022-04-06T17:41:45 IST" name="tearDownTest" finished-at="2022-04-06T17:41:45 IST" duration-ms="0" status="PASS">
          <reporter-output>
          </reporter-output>
        </test-method> <!-- tearDownTest -->
      </class> <!-- TestScript.LeadCreationTest -->
    </test> <!-- Default test -->
  </suite> <!-- Default suite -->
</testng-results>
